<?xml version="1.0" encoding="UTF-8"?>
<!-- Generated by org.testng.reporters.JUnitReportReporter -->
<testsuite skipped="0" hostname="LAPTOP-JML9HNE8" name="testNGPackage.NewTest" tests="1" failures="0" timestamp="2022-02-03T08:41:13 COT" time="11.269" errors="0">
  <testcase name="main" time="11.269" classname="testNGPackage.NewTest"/>
  <system-out/>
</testsuite> <!-- testNGPackage.NewTest -->
